<?xml version="1.0" encoding="UTF-8"?>
<!-- Generated by org.testng.reporters.JUnitReportReporter -->
<testsuite skipped="12" hostname="LTIN235512" name="TestScript.MakeMyTripTest" tests="13" failures="0" timestamp="2022-01-19T11:16:49 IST" time="1.744" errors="1">
  <testcase name="BrowserCall" time="1.744" classname="TestScript.MakeMyTripTest">
    <error type="java.lang.NoClassDefFoundError" message="org/apache/commons/io/IOUtils">
      <![CDATA[java.lang.NoClassDefFoundError: org/apache/commons/io/IOUtils
at io.github.bonigarcia.wdm.versions.VersionDetector.getProperties(VersionDetector.java:302)
at io.github.bonigarcia.wdm.versions.VersionDetector.getBrowserVersionFromTheShell(VersionDetector.java:202)
at io.github.bonigarcia.wdm.WebDriverManager.getBrowserVersionFromTheShell(WebDriverManager.java:1063)
at io.github.bonigarcia.wdm.WebDriverManager.detectBrowserVersion(WebDriverManager.java:1083)
at io.github.bonigarcia.wdm.WebDriverManager.resolveDriverVersion(WebDriverManager.java:948)
at io.github.bonigarcia.wdm.WebDriverManager.manage(WebDriverManager.java:899)
at io.github.bonigarcia.wdm.WebDriverManager.setup(WebDriverManager.java:337)
at library.Browser.getWebDriver(Browser.java:20)
at TestScript.MakeMyTripTest.BrowserCall(MakeMyTripTest.java:22)
at sun.reflect.NativeMethodAccessorImpl.invoke0(Native Method)
at sun.reflect.NativeMethodAccessorImpl.invoke(Unknown Source)
at sun.reflect.DelegatingMethodAccessorImpl.invoke(Unknown Source)
at java.lang.reflect.Method.invoke(Unknown Source)
at org.testng.internal.MethodInvocationHelper.invokeMethod(MethodInvocationHelper.java:133)
at org.testng.internal.MethodInvocationHelper.invokeMethodConsideringTimeout(MethodInvocationHelper.java:62)
at org.testng.internal.ConfigInvoker.invokeConfigurationMethod(ConfigInvoker.java:385)
at org.testng.internal.ConfigInvoker.invokeConfigurations(ConfigInvoker.java:321)
at org.testng.SuiteRunner.privateRun(SuiteRunner.java:317)
at org.testng.SuiteRunner.run(SuiteRunner.java:276)
at org.testng.SuiteRunnerWorker.runSuite(SuiteRunnerWorker.java:53)
at org.testng.SuiteRunnerWorker.run(SuiteRunnerWorker.java:96)
at org.testng.TestNG.runSuitesSequentially(TestNG.java:1212)
at org.testng.TestNG.runSuitesLocally(TestNG.java:1134)
at org.testng.TestNG.runSuites(TestNG.java:1063)
at org.testng.TestNG.run(TestNG.java:1031)
at org.apache.maven.surefire.testng.TestNGExecutor.run(TestNGExecutor.java:135)
at org.apache.maven.surefire.testng.TestNGDirectoryTestSuite.executeSingleClass(TestNGDirectoryTestSuite.java:112)
at org.apache.maven.surefire.testng.TestNGDirectoryTestSuite.execute(TestNGDirectoryTestSuite.java:99)
at org.apache.maven.surefire.testng.TestNGProvider.invoke(TestNGProvider.java:146)
at org.apache.maven.surefire.booter.ForkedBooter.invokeProviderInSameClassLoader(ForkedBooter.java:384)
at org.apache.maven.surefire.booter.ForkedBooter.runSuitesInProcess(ForkedBooter.java:345)
at org.apache.maven.surefire.booter.ForkedBooter.execute(ForkedBooter.java:126)
at org.apache.maven.surefire.booter.ForkedBooter.main(ForkedBooter.java:418)
Caused by: java.lang.ClassNotFoundException: org.apache.commons.io.IOUtils
at java.net.URLClassLoader.findClass(Unknown Source)
at java.lang.ClassLoader.loadClass(Unknown Source)
at sun.misc.Launcher$AppClassLoader.loadClass(Unknown Source)
at java.lang.ClassLoader.loadClass(Unknown Source)
... 33 more
]]>
    </error>
  </testcase> <!-- BrowserCall -->
  <system-out/>
  <testcase name="extentReportFile" time="0.000" classname="TestScript.MakeMyTripTest">
    <skipped/>
  </testcase> <!-- extentReportFile -->
  <system-out/>
  <testcase name="LaunchApp" time="0.000" classname="TestScript.MakeMyTripTest">
    <skipped/>
  </testcase> <!-- LaunchApp -->
  <system-out/>
  <testcase name="Cabs" time="0.000" classname="TestScript.MakeMyTripTest">
    <skipped/>
  </testcase> <!-- Cabs -->
  <system-out/>
  <testcase name="Cabs1" time="0.000" classname="TestScript.MakeMyTripTest">
    <skipped/>
  </testcase> <!-- Cabs1 -->
  <system-out/>
  <testcase name="search" time="0.000" classname="TestScript.MakeMyTripTest">
    <skipped/>
  </testcase> <!-- search -->
  <system-out/>
  <testcase name="cabType" time="0.000" classname="TestScript.MakeMyTripTest">
    <skipped/>
  </testcase> <!-- cabType -->
  <system-out/>
  <testcase name="GiftCards" time="0.000" classname="TestScript.MakeMyTripTest">
    <skipped/>
  </testcase> <!-- GiftCards -->
  <system-out/>
  <testcase name="GiftCards1" time="0.000" classname="TestScript.MakeMyTripTest">
    <skipped/>
  </testcase> <!-- GiftCards1 -->
  <system-out/>
  <testcase name="Screenshot" time="0.000" classname="TestScript.MakeMyTripTest">
    <skipped/>
  </testcase> <!-- Screenshot -->
  <system-out/>
  <testcase name="navigation" time="0.000" classname="TestScript.MakeMyTripTest">
    <skipped/>
  </testcase> <!-- navigation -->
  <system-out/>
  <testcase name="Hotels" time="0.000" classname="TestScript.MakeMyTripTest">
    <skipped/>
  </testcase> <!-- Hotels -->
  <system-out/>
  <testcase name="Hotels1" time="0.000" classname="TestScript.MakeMyTripTest">
    <skipped/>
  </testcase> <!-- Hotels1 -->
  <system-out/>
</testsuite> <!-- TestScript.MakeMyTripTest -->
